<?xml version="1.0" encoding="UTF-8"?>
<!-- Generated by org.testng.reporters.JUnitReportReporter -->
<testsuite hostname="LAPTOP-KBV6SF0Q" failures="0" tests="4" name="testCases.ECommerceTests" time="18.602" errors="0" timestamp="2025-06-25T13:39:55 IST" skipped="0">
  <testcase classname="testCases.ECommerceTests" name="verifyHomeAndCategory" time="1.607"/>
  <testcase classname="testCases.ECommerceTests" name="selectAndAddProductsToCart" time="10.809"/>
  <testcase classname="testCases.ECommerceTests" name="verifyCartAndCheckout" time="2.971"/>
  <testcase classname="testCases.ECommerceTests" name="registrationNegativeScenario" time="3.215"/>
</testsuite> <!-- testCases.ECommerceTests -->
